{"level":"debug","message":"inside fetch ","timestamp":"2019-02-26T05:22:18.323Z"}
{"level":"debug","message":"Inside Product Operations Search ","timestamp":"2019-02-26T05:22:18.328Z"}
{"level":"debug","message":"inside fetch ","timestamp":"2019-02-26T05:24:53.472Z"}
{"level":"debug","message":"Inside Product Operations Search ","timestamp":"2019-02-26T05:24:53.475Z"}
{"level":"debug","message":"inside fetch ","timestamp":"2019-02-26T05:25:50.039Z"}
{"level":"debug","message":"Inside Product Operations Search ","timestamp":"2019-02-26T05:25:50.047Z"}
{"level":"debug","message":"No Data Found ","timestamp":"2019-02-26T05:25:53.792Z"}
{"level":"debug","message":"inside fetch ","timestamp":"2019-02-26T05:26:12.187Z"}
{"level":"debug","message":"Inside Product Operations Search ","timestamp":"2019-02-26T05:26:12.188Z"}
{"level":"debug","message":"No Data Found ","timestamp":"2019-02-26T05:26:12.842Z"}
{"errors":{"name":{"message":"Path `name` is required.","name":"ValidatorError","properties":{"message":"Path `name` is required.","type":"required","path":"name"},"kind":"required","path":"name"}},"_message":"products validation failed","message":"Error Occur in Add  products validation failed: name: Path `name` is required.","name":"ValidationError","level":"error","stack":"ValidationError: products validation failed: name: Path `name` is required.\n    at new ValidationError (/Users/amit/Documents/TPDDL-FullStack/mongoexamples/node_modules/mongoose/lib/error/validation.js:30:11)\n    at model.Document.invalidate (/Users/amit/Documents/TPDDL-FullStack/mongoexamples/node_modules/mongoose/lib/document.js:2080:32)\n    at p.doValidate.skipSchemaValidators (/Users/amit/Documents/TPDDL-FullStack/mongoexamples/node_modules/mongoose/lib/document.js:1943:17)\n    at /Users/amit/Documents/TPDDL-FullStack/mongoexamples/node_modules/mongoose/lib/schematype.js:933:9\n    at process._tickCallback (internal/process/next_tick.js:172:11)","timestamp":"2019-02-26T05:29:15.717Z"}
{"errors":{"name":{"message":"Path `name` is required.","name":"ValidatorError","properties":{"message":"Path `name` is required.","type":"required","path":"name"},"kind":"required","path":"name"}},"_message":"products validation failed","message":"Error Occur in Add  products validation failed: name: Path `name` is required.","name":"ValidationError","level":"error","stack":"ValidationError: products validation failed: name: Path `name` is required.\n    at new ValidationError (/Users/amit/Documents/TPDDL-FullStack/mongoexamples/node_modules/mongoose/lib/error/validation.js:30:11)\n    at model.Document.invalidate (/Users/amit/Documents/TPDDL-FullStack/mongoexamples/node_modules/mongoose/lib/document.js:2080:32)\n    at p.doValidate.skipSchemaValidators (/Users/amit/Documents/TPDDL-FullStack/mongoexamples/node_modules/mongoose/lib/document.js:1943:17)\n    at /Users/amit/Documents/TPDDL-FullStack/mongoexamples/node_modules/mongoose/lib/schematype.js:933:9\n    at process._tickCallback (internal/process/next_tick.js:172:11)","timestamp":"2019-02-26T05:30:03.718Z"}
{"level":"debug","message":"During Add Product is ","timestamp":"2019-02-26T05:31:45.429Z"}
{"errors":{"name":{"message":"Path `name` is required.","name":"ValidatorError","properties":{"message":"Path `name` is required.","type":"required","path":"name"},"kind":"required","path":"name"}},"_message":"products validation failed","message":"Error Occur in Add  products validation failed: name: Path `name` is required.","name":"ValidationError","level":"error","stack":"ValidationError: products validation failed: name: Path `name` is required.\n    at new ValidationError (/Users/amit/Documents/TPDDL-FullStack/mongoexamples/node_modules/mongoose/lib/error/validation.js:30:11)\n    at model.Document.invalidate (/Users/amit/Documents/TPDDL-FullStack/mongoexamples/node_modules/mongoose/lib/document.js:2080:32)\n    at p.doValidate.skipSchemaValidators (/Users/amit/Documents/TPDDL-FullStack/mongoexamples/node_modules/mongoose/lib/document.js:1943:17)\n    at /Users/amit/Documents/TPDDL-FullStack/mongoexamples/node_modules/mongoose/lib/schematype.js:933:9\n    at process._tickCallback (internal/process/next_tick.js:172:11)","timestamp":"2019-02-26T05:31:45.450Z"}
{"level":"debug","message":"Inside Product Route Post ","timestamp":"2019-02-26T05:33:21.156Z"}
{"level":"debug","message":"During Add Product is ","timestamp":"2019-02-26T05:33:21.161Z"}
{"errors":{"name":{"message":"Path `name` is required.","name":"ValidatorError","properties":{"message":"Path `name` is required.","type":"required","path":"name"},"kind":"required","path":"name"}},"_message":"products validation failed","message":"Error Occur in Add  products validation failed: name: Path `name` is required.","name":"ValidationError","level":"error","stack":"ValidationError: products validation failed: name: Path `name` is required.\n    at new ValidationError (/Users/amit/Documents/TPDDL-FullStack/mongoexamples/node_modules/mongoose/lib/error/validation.js:30:11)\n    at model.Document.invalidate (/Users/amit/Documents/TPDDL-FullStack/mongoexamples/node_modules/mongoose/lib/document.js:2080:32)\n    at p.doValidate.skipSchemaValidators (/Users/amit/Documents/TPDDL-FullStack/mongoexamples/node_modules/mongoose/lib/document.js:1943:17)\n    at /Users/amit/Documents/TPDDL-FullStack/mongoexamples/node_modules/mongoose/lib/schematype.js:933:9\n    at process._tickCallback (internal/process/next_tick.js:172:11)","timestamp":"2019-02-26T05:33:21.179Z"}
{"level":"debug","message":"Inside Product Route Post ","timestamp":"2019-02-26T05:35:46.076Z"}
{"id":1001,"name":"Nokia","price":9999,"path":"nokia.com","level":"debug","message":"During Add Product is ","timestamp":"2019-02-26T05:35:46.076Z"}
{"level":"debug","message":"inside fetch ","timestamp":"2019-02-26T05:37:22.282Z"}
{"level":"debug","message":"Inside Product Operations Search ","timestamp":"2019-02-26T05:37:22.282Z"}
{"0":{"price":9999,"_id":"5c74d032cf9f5ac1c279b523","id":1001,"name":"nokia","path":"nokia.com","__v":0},"level":"debug","message":"Data Found ","timestamp":"2019-02-26T05:37:22.611Z"}
